[  2%] Built target more_interfaces__cpp
[ 11%] Built target more_interfaces__rosidl_generator_c
[ 20%] Built target more_interfaces__rosidl_typesupport_cpp
[ 20%] Built target ament_cmake_python_copy_more_interfaces
[ 28%] Built target more_interfaces__rosidl_typesupport_fastrtps_c
[ 37%] Built target more_interfaces__rosidl_typesupport_fastrtps_cpp
[ 45%] Built target more_interfaces__rosidl_typesupport_introspection_c
[ 54%] Built target more_interfaces__rosidl_typesupport_c
[ 62%] Built target more_interfaces__rosidl_typesupport_introspection_cpp
[ 68%] Built target publish_address_book
[35m[1mConsolidate compiler generated dependencies of target subscribe_address_book[0m
[ 71%] [32mBuilding CXX object CMakeFiles/subscribe_address_book.dir/src/subscribe_address_book.cpp.o[0m
running egg_info
writing more_interfaces.egg-info/PKG-INFO
writing dependency_links to more_interfaces.egg-info/dependency_links.txt
writing top-level names to more_interfaces.egg-info/top_level.txt
reading manifest file 'more_interfaces.egg-info/SOURCES.txt'
writing manifest file 'more_interfaces.egg-info/SOURCES.txt'
[ 71%] Built target ament_cmake_python_build_more_interfaces_egg
[ 71%] Built target more_interfaces
[ 74%] Built target more_interfaces__py
[ 80%] Built target more_interfaces__rosidl_generator_py
[ 85%] Built target more_interfaces__rosidl_typesupport_fastrtps_c__pyext
[ 91%] Built target more_interfaces__rosidl_typesupport_introspection_c__pyext
[ 97%] Built target more_interfaces__rosidl_typesupport_c__pyext
[01m[K/home/martin/ros2_workspaces/ros2_ws_dev/src/more_interfaces/src/subscribe_address_book.cpp:[m[K In member function â€˜[01m[Kvoid AddressBookSubscriber::address_book_callback(const AddressBook&) const[m[Kâ€™:
[01m[K/home/martin/ros2_workspaces/ros2_ws_dev/src/more_interfaces/src/subscribe_address_book.cpp:22:37:[m[K [01;31m[Kerror: [m[Kâ€˜[01m[Kcout[m[Kâ€™ was not declared in this scope; did you mean â€˜[01m[Kstd::cout[m[Kâ€™?
   22 |                                 std:[01;31m[Kcout[m[K << "I heard: " << msg.first_name << " " << msg.last_name << std:endl;
      |                                     [01;31m[K^~~~[m[K
      |                                     [32m[Kstd::cout[m[K
In file included from [01m[K/opt/ros/humble/include/rclcpp/rclcpp/executor.hpp:22[m[K,
                 from [01m[K/opt/ros/humble/include/rclcpp/rclcpp/executors/multi_threaded_executor.hpp:25[m[K,
                 from [01m[K/opt/ros/humble/include/rclcpp/rclcpp/executors.hpp:21[m[K,
                 from [01m[K/opt/ros/humble/include/rclcpp/rclcpp/rclcpp.hpp:155[m[K,
                 from [01m[K/home/martin/ros2_workspaces/ros2_ws_dev/src/more_interfaces/src/subscribe_address_book.cpp:4[m[K:
[01m[K/usr/include/c++/11/iostream:61:18:[m[K [01;36m[Knote: [m[Kâ€˜[01m[Kstd::cout[m[Kâ€™ declared here
   61 |   extern ostream [01;36m[Kcout[m[K;          /// Linked to standard output
      |                  [01;36m[K^~~~[m[K
[01m[K/home/martin/ros2_workspaces/ros2_ws_dev/src/more_interfaces/src/subscribe_address_book.cpp:22:105:[m[K [01;31m[Kerror: [m[Kfound â€˜[01m[K:[m[Kâ€™ in nested-name-specifier, expected â€˜[01m[K::[m[Kâ€™
   22 |                                 std:cout << "I heard: " << msg.first_name << " " << msg.last_name << std[01;31m[K:[m[Kendl;
      |                                                                                                         [01;31m[K^[m[K
      |                                                                                                         [32m[K::[m[K
[01m[K/home/martin/ros2_workspaces/ros2_ws_dev/src/more_interfaces/src/subscribe_address_book.cpp:22:33:[m[K [01;35m[Kwarning: [m[Klabel â€˜[01m[Kstd[m[Kâ€™ defined but not used [[01;35m[K]8;;https://gcc.gnu.org/onlinedocs/gcc/Warning-Options.html#index-Wunused-label-Wunused-label]8;;[m[K]
   22 |                                 [01;35m[Kstd[m[K:cout << "I heard: " << msg.first_name << " " << msg.last_name << std:endl;
      |                                 [01;35m[K^~~[m[K
gmake[2]: *** [CMakeFiles/subscribe_address_book.dir/build.make:76: CMakeFiles/subscribe_address_book.dir/src/subscribe_address_book.cpp.o] Error 1
gmake[1]: *** [CMakeFiles/Makefile2:622: CMakeFiles/subscribe_address_book.dir/all] Error 2
gmake: *** [Makefile:146: all] Error 2
